<?xml version="1.0" encoding="UTF-8"?>
<testng-results ignored="0" total="1" passed="1" failed="0" skipped="0">
  <reporter-output>
  </reporter-output>
  <suite started-at="2024-01-24T17:54:23 AEST" name="Default suite" finished-at="2024-01-24T17:54:46 AEST" duration-ms="23443">
    <groups>
    </groups>
    <test started-at="2024-01-24T17:54:23 AEST" name="Default test" finished-at="2024-01-24T17:54:46 AEST" duration-ms="23443">
      <class name="Test.TC1_1_VerifyCreatewalletwithoutmanualbackup">
        <test-method is-config="true" signature="setUp()[pri:0, instance:Test.TC1_1_VerifyCreatewalletwithoutmanualbackup@5b12b668]" started-at="2024-01-24T17:54:23 AEST" name="setUp" finished-at="2024-01-24T17:54:30 AEST" duration-ms="7819" status="PASS">
          <reporter-output>
          </reporter-output>
        </test-method> <!-- setUp -->
        <test-method signature="launchApp()[pri:0, instance:Test.TC1_1_VerifyCreatewalletwithoutmanualbackup@5b12b668]" started-at="2024-01-24T17:54:30 AEST" name="launchApp" finished-at="2024-01-24T17:54:45 AEST" duration-ms="15009" status="PASS">
          <reporter-output>
          </reporter-output>
        </test-method> <!-- launchApp -->
        <test-method is-config="true" signature="tearDown()[pri:0, instance:Test.TC1_1_VerifyCreatewalletwithoutmanualbackup@5b12b668]" started-at="2024-01-24T17:54:45 AEST" name="tearDown" finished-at="2024-01-24T17:54:46 AEST" duration-ms="564" status="PASS">
          <reporter-output>
          </reporter-output>
        </test-method> <!-- tearDown -->
      </class> <!-- Test.TC1_1_VerifyCreatewalletwithoutmanualbackup -->
    </test> <!-- Default test -->
  </suite> <!-- Default suite -->
</testng-results>
